<?xml version="1.0" encoding="UTF-8"?>
<!-- Generated by org.testng.reporters.JUnitReportReporter -->
<testsuite skipped="0" hostname="DESKTOP-QPFKHHH" name="test111.googletest" tests="1" failures="0" timestamp="2020-11-10T18:01:17 IST" time="5.505" errors="0">
  <testcase name="verifyGooglePageTittle" time="5.505" classname="test111.googletest"/>
  <system-out/>
</testsuite> <!-- test111.googletest -->
